<?xml version="1.0" encoding="UTF-8"?>
<testsuite xmlns:xsi="http://www.w3.org/2001/XMLSchema-instance" xsi:noNamespaceSchemaLocation="https://maven.apache.org/surefire/maven-surefire-plugin/xsd/surefire-test-report-3.0.xsd" version="3.0" name="zest.CourseScheduleTest" time="0.18" tests="2" errors="0" skipped="0" failures="0">
  <properties>
[...]
</properties>
  <testcase name="checkPrerequisites" classname="zest.CourseScheduleTest" time="0.01"/>
  <testcase name="checkPrecondition" classname="zest.CourseScheduleTest" time="0.002"/>
  <testcase name="testCyclicPrerequisites" classname="zest.CourseScheduleTest" time="0.092">
    <system-out><![CDATA[timestamp = 2025-04-27T14:59:00.188232, CourseScheduleTest:testCyclicPrerequisites = 
                              |-----------------------jqwik-----------------------
tries = 63                    | # of calls to property
checks = 63                   | # of not rejected calls
generation = EXHAUSTIVE       | parameters are exhaustively generated
after-failure = SAMPLE_FIRST  | try previously failed sample, then previous seed
when-fixed-seed = ALLOW       | fixing the random seed is allowed
edge-cases#mode = MIXIN       | edge cases are mixed in
edge-cases#total = 0          | # of all combined edge cases
edge-cases#tried = 0          | # of edge cases tried in current run
seed = 1754018915953518602    | random seed to reproduce generated values


]]></system-out>
  </testcase>
  <testcase name="testValidResult" classname="zest.CourseScheduleTest" time="0.081">
    <system-out><![CDATA[timestamp = 2025-04-27T14:59:00.271719, CourseScheduleTest:testValidResult = 
                              |-----------------------jqwik-----------------------
tries = 1000                  | # of calls to property
checks = 1000                 | # of not rejected calls
generation = RANDOMIZED       | parameters are randomly generated
after-failure = SAMPLE_FIRST  | try previously failed sample, then previous seed
when-fixed-seed = ALLOW       | fixing the random seed is allowed
edge-cases#mode = MIXIN       | edge cases are mixed in
edge-cases#total = 17         | # of all combined edge cases
edge-cases#tried = 17         | # of edge cases tried in current run
seed = -3774671652276366955   | random seed to reproduce generated values


]]></system-out>
  </testcase>
</testsuite>